<?xml version="1.0" encoding="UTF-8"?>
<testng-results skipped="0" failed="0" total="3" passed="3">
  <reporter-output>
  </reporter-output>
  <suite name="Suite" duration-ms="145375" started-at="2016-06-17T15:21:44Z" finished-at="2016-06-17T15:24:10Z">
    <groups>
    </groups>
    <test name="Test" duration-ms="145375" started-at="2016-06-17T15:21:44Z" finished-at="2016-06-17T15:24:10Z">
      <class name="Tests.TestNGPrgtwo">
        <test-method status="PASS" signature="SecondPage()[pri:0, instance:Tests.TestNGPrgtwo@1c057a1e]" name="SecondPage" duration-ms="11287" started-at="2016-06-17T20:51:58Z" finished-at="2016-06-17T20:52:09Z">
          <reporter-output>
          </reporter-output>
        </test-method> <!-- SecondPage -->
      </class> <!-- Tests.TestNGPrgtwo -->
      <class name="Tests.TestNGPrgone">
        <test-method status="PASS" signature="FirstPage()[pri:0, instance:Tests.TestNGPrgone@7adbe76f]" name="FirstPage" duration-ms="13875" started-at="2016-06-17T20:51:44Z" finished-at="2016-06-17T20:51:58Z">
          <reporter-output>
          </reporter-output>
        </test-method> <!-- FirstPage -->
      </class> <!-- Tests.TestNGPrgone -->
      <class name="Tests.TestNGPrgthree">
        <test-method status="PASS" signature="ThirdPage()[pri:0, instance:Tests.TestNGPrgthree@1d9a43d7]" name="ThirdPage" duration-ms="120188" started-at="2016-06-17T20:52:09Z" finished-at="2016-06-17T20:54:10Z">
          <reporter-output>
          </reporter-output>
        </test-method> <!-- ThirdPage -->
      </class> <!-- Tests.TestNGPrgthree -->
    </test> <!-- Test -->
  </suite> <!-- Suite -->
</testng-results>
